[21:25:05] [main/INFO]: Setting user: Player213
[21:25:14] [main/WARN]: Skipping bad option: lastServer:
[21:25:14] [main/INFO]: LWJGL Version: 2.9.4
[21:25:25] [main/INFO]: Reloading ResourceManager: Default, FMLFileResourcePack:Forge Mod Loader, FMLFileResourcePack:Minecraft Forge, FMLFileResourcePack:First Mod, FMLFileResourcePack:WorldEdit
[21:25:34] [Sound Library Loader/INFO]: Starting up SoundSystem...
[21:25:34] [Thread-5/INFO]: Initializing LWJGL OpenAL
[21:25:34] [Thread-5/INFO]: (The LWJGL binding of OpenAL.  For more information, see http://www.lwjgl.org)
[21:25:35] [Thread-5/INFO]: OpenAL initialized.
[21:25:35] [Sound Library Loader/INFO]: Sound engine started
[21:25:50] [main/INFO]: Created: 1024x512 textures-atlas
[21:25:56] [main/WARN]: Skipping bad option: lastServer:
[21:25:56] [main/INFO]: Narrator library for x64 successfully loaded
[21:25:59] [Realms Notification Availability checker #1/INFO]: Could not authorize you against Realms server: Invalid session id
[21:26:02] [Server thread/INFO]: Starting integrated minecraft server version 1.12.2
[21:26:02] [Server thread/INFO]: Generating keypair
[21:26:05] [Server thread/INFO]: Loaded 490 advancements
[21:26:06] [Server thread/INFO]: Preparing start region for level 0
[21:26:06] [Server thread/INFO]: Changing view distance to 12, from 10
[21:26:13] [Server thread/INFO]: Player213[local:E:77e2e733] logged in with entity id 0 at (-5.115798803667543, 4.0, 2024.9284576936825)
[21:26:13] [Server thread/INFO]: Player213加入了游戏
[21:26:13] [Server thread/INFO]: Player213取得了进度[热腾腾的]
[21:26:14] [Server thread/INFO]: Saving and pausing game...
[21:26:15] [Server thread/INFO]: Saving chunks for level 'first mod'/overworld
[21:26:15] [Server thread/INFO]: Saving chunks for level 'first mod'/the_nether
[21:26:15] [Server thread/INFO]: Saving chunks for level 'first mod'/the_end
[21:26:15] [main/INFO]: [CHAT] Player213取得了进度[热腾腾的]
[21:26:15] [main/INFO]: Loaded 54 advancements
[21:26:15] [pool-2-thread-1/WARN]: Couldn't look up profile properties for com.mojang.authlib.GameProfile@7b1d99bb[id=19b458ba-c952-3dc3-bceb-bb32067d178f,name=Player213,properties={},legacy=false]
com.mojang.authlib.exceptions.AuthenticationException: The client has sent too many requests within a certain amount of time
	at com.mojang.authlib.yggdrasil.YggdrasilAuthenticationService.makeRequest(YggdrasilAuthenticationService.java:79) ~[YggdrasilAuthenticationService.class:?]
	at com.mojang.authlib.yggdrasil.YggdrasilMinecraftSessionService.fillGameProfile(YggdrasilMinecraftSessionService.java:180) [YggdrasilMinecraftSessionService.class:?]
	at com.mojang.authlib.yggdrasil.YggdrasilMinecraftSessionService$1.load(YggdrasilMinecraftSessionService.java:60) [YggdrasilMinecraftSessionService$1.class:?]
	at com.mojang.authlib.yggdrasil.YggdrasilMinecraftSessionService$1.load(YggdrasilMinecraftSessionService.java:57) [YggdrasilMinecraftSessionService$1.class:?]
	at com.google.common.cache.LocalCache$LoadingValueReference.loadFuture(LocalCache.java:3716) [guava-21.0.jar:?]
	at com.google.common.cache.LocalCache$Segment.loadSync(LocalCache.java:2424) [guava-21.0.jar:?]
	at com.google.common.cache.LocalCache$Segment.lockedGetOrLoad(LocalCache.java:2298) [guava-21.0.jar:?]
	at com.google.common.cache.LocalCache$Segment.get(LocalCache.java:2211) [guava-21.0.jar:?]
	at com.google.common.cache.LocalCache.get(LocalCache.java:4154) [guava-21.0.jar:?]
	at com.google.common.cache.LocalCache.getOrLoad(LocalCache.java:4158) [guava-21.0.jar:?]
	at com.google.common.cache.LocalCache$LocalLoadingCache.get(LocalCache.java:5147) [guava-21.0.jar:?]
	at com.google.common.cache.LocalCache$LocalLoadingCache.getUnchecked(LocalCache.java:5153) [guava-21.0.jar:?]
	at com.mojang.authlib.yggdrasil.YggdrasilMinecraftSessionService.fillProfileProperties(YggdrasilMinecraftSessionService.java:170) [YggdrasilMinecraftSessionService.class:?]
	at net.minecraft.client.Minecraft.getProfileProperties(Minecraft.java:3170) [Minecraft.class:?]
	at net.minecraft.client.resources.SkinManager$3.run(SkinManager.java:138) [SkinManager$3.class:?]
	at java.util.concurrent.Executors$RunnableAdapter.call(Executors.java:511) [?:1.8.0_102]
	at java.util.concurrent.FutureTask.run(FutureTask.java:266) [?:1.8.0_102]
	at java.util.concurrent.ThreadPoolExecutor.runWorker(ThreadPoolExecutor.java:1142) [?:1.8.0_102]
	at java.util.concurrent.ThreadPoolExecutor$Worker.run(ThreadPoolExecutor.java:617) [?:1.8.0_102]
	at java.lang.Thread.run(Thread.java:745) [?:1.8.0_102]
[21:26:27] [main/INFO]: [CHAT] 打开了电池盒页面！
[21:26:38] [main/INFO]: [CHAT] 打开了电池盒页面！
[21:26:40] [main/INFO]: [CHAT] 打开了电池盒页面！
[21:26:41] [main/INFO]: [CHAT] 打开了电池盒页面！
[21:27:03] [Server thread/INFO]: Saving and pausing game...
[21:27:03] [Server thread/INFO]: Saving chunks for level 'first mod'/overworld
[21:27:04] [Server thread/INFO]: Saving chunks for level 'first mod'/the_nether
[21:27:04] [Server thread/INFO]: Saving chunks for level 'first mod'/the_end
