[01:27:14] [main/INFO]: Setting user: Player652
[01:27:23] [main/WARN]: Skipping bad option: lastServer:
[01:27:23] [main/INFO]: LWJGL Version: 2.9.4
[01:27:34] [main/INFO]: Reloading ResourceManager: Default, FMLFileResourcePack:Forge Mod Loader, FMLFileResourcePack:Minecraft Forge, FMLFileResourcePack:First Mod, FMLFileResourcePack:WorldEdit
[01:27:42] [Sound Library Loader/INFO]: Starting up SoundSystem...
[01:27:42] [Thread-5/INFO]: Initializing LWJGL OpenAL
[01:27:42] [Thread-5/INFO]: (The LWJGL binding of OpenAL.  For more information, see http://www.lwjgl.org)
[01:27:42] [Thread-5/INFO]: OpenAL initialized.
[01:27:42] [Sound Library Loader/INFO]: Sound engine started
[01:27:56] [main/INFO]: Created: 1024x512 textures-atlas
[01:28:02] [main/WARN]: Skipping bad option: lastServer:
[01:28:02] [main/INFO]: Narrator library for x64 successfully loaded
[01:28:04] [Realms Notification Availability checker #1/INFO]: Could not authorize you against Realms server: Invalid session id
[01:29:18] [Server thread/INFO]: Starting integrated minecraft server version 1.12.2
[01:29:18] [Server thread/INFO]: Generating keypair
[01:29:22] [Server thread/INFO]: Loaded 490 advancements
[01:29:22] [Server thread/INFO]: Preparing start region for level 0
[01:29:23] [Server thread/INFO]: Changing view distance to 12, from 10
[01:29:27] [Server thread/INFO]: Player652[local:E:6df012d7] logged in with entity id 0 at (-2.003210491378715, 5.0, 1976.244767039309)
[01:29:27] [Server thread/INFO]: Player652加入了游戏
[01:29:29] [Server thread/INFO]: Saving and pausing game...
[01:29:29] [Server thread/INFO]: Saving chunks for level 'first mod'/overworld
[01:29:29] [Server thread/INFO]: Saving chunks for level 'first mod'/the_nether
[01:29:29] [Server thread/INFO]: Saving chunks for level 'first mod'/the_end
[01:29:30] [Server thread/INFO]: Saving and pausing game...
[01:29:30] [Server thread/INFO]: Saving chunks for level 'first mod'/overworld
[01:29:30] [Server thread/INFO]: Saving chunks for level 'first mod'/the_nether
[01:29:30] [Server thread/INFO]: Saving chunks for level 'first mod'/the_end
[01:29:34] [main/INFO]: [CHAT] item:tile.air
[01:29:41] [pool-2-thread-1/WARN]: Couldn't look up profile properties for com.mojang.authlib.GameProfile@6151cdc5[id=6f525ab9-4df4-3875-8280-4904a48f9cd7,name=Player652,properties={},legacy=false]
com.mojang.authlib.exceptions.AuthenticationException: The client has sent too many requests within a certain amount of time
	at com.mojang.authlib.yggdrasil.YggdrasilAuthenticationService.makeRequest(YggdrasilAuthenticationService.java:79) ~[YggdrasilAuthenticationService.class:?]
	at com.mojang.authlib.yggdrasil.YggdrasilMinecraftSessionService.fillGameProfile(YggdrasilMinecraftSessionService.java:180) [YggdrasilMinecraftSessionService.class:?]
	at com.mojang.authlib.yggdrasil.YggdrasilMinecraftSessionService$1.load(YggdrasilMinecraftSessionService.java:60) [YggdrasilMinecraftSessionService$1.class:?]
	at com.mojang.authlib.yggdrasil.YggdrasilMinecraftSessionService$1.load(YggdrasilMinecraftSessionService.java:57) [YggdrasilMinecraftSessionService$1.class:?]
	at com.google.common.cache.LocalCache$LoadingValueReference.loadFuture(LocalCache.java:3716) [guava-21.0.jar:?]
	at com.google.common.cache.LocalCache$Segment.loadSync(LocalCache.java:2424) [guava-21.0.jar:?]
	at com.google.common.cache.LocalCache$Segment.lockedGetOrLoad(LocalCache.java:2298) [guava-21.0.jar:?]
	at com.google.common.cache.LocalCache$Segment.get(LocalCache.java:2211) [guava-21.0.jar:?]
	at com.google.common.cache.LocalCache.get(LocalCache.java:4154) [guava-21.0.jar:?]
	at com.google.common.cache.LocalCache.getOrLoad(LocalCache.java:4158) [guava-21.0.jar:?]
	at com.google.common.cache.LocalCache$LocalLoadingCache.get(LocalCache.java:5147) [guava-21.0.jar:?]
	at com.google.common.cache.LocalCache$LocalLoadingCache.getUnchecked(LocalCache.java:5153) [guava-21.0.jar:?]
	at com.mojang.authlib.yggdrasil.YggdrasilMinecraftSessionService.fillProfileProperties(YggdrasilMinecraftSessionService.java:170) [YggdrasilMinecraftSessionService.class:?]
	at net.minecraft.client.Minecraft.getProfileProperties(Minecraft.java:3170) [Minecraft.class:?]
	at net.minecraft.client.resources.SkinManager$3.run(SkinManager.java:138) [SkinManager$3.class:?]
	at java.util.concurrent.Executors$RunnableAdapter.call(Executors.java:511) [?:1.8.0_102]
	at java.util.concurrent.FutureTask.run(FutureTask.java:266) [?:1.8.0_102]
	at java.util.concurrent.ThreadPoolExecutor.runWorker(ThreadPoolExecutor.java:1142) [?:1.8.0_102]
	at java.util.concurrent.ThreadPoolExecutor$Worker.run(ThreadPoolExecutor.java:617) [?:1.8.0_102]
	at java.lang.Thread.run(Thread.java:745) [?:1.8.0_102]
[01:29:47] [main/INFO]: Loaded 3 advancements
[01:29:48] [main/INFO]: [CHAT] item:tile.blockIron
[01:29:52] [main/INFO]: [CHAT] item:tile.blockIron
[01:29:54] [main/INFO]: [CHAT] item:tile.air
[01:30:22] [main/INFO]: [CHAT] item:tile.air
[01:30:32] [main/INFO]: [CHAT] item:tile.blockIron
[01:30:39] [main/INFO]: [CHAT] item:tile.blockIron
[01:30:44] [main/INFO]: [CHAT] item:tile.blockIron
[01:30:49] [main/INFO]: [CHAT] item:tile.blockIron
[01:30:50] [main/INFO]: [CHAT] item:tile.blockIron
[01:30:51] [main/INFO]: [CHAT] item:tile.blockIron
[01:30:51] [main/INFO]: [CHAT] item:tile.blockIron
[01:31:01] [Server thread/INFO]: Saving and pausing game...
[01:31:01] [Server thread/INFO]: Saving chunks for level 'first mod'/overworld
[01:31:01] [Server thread/INFO]: Saving chunks for level 'first mod'/the_nether
[01:31:01] [Server thread/INFO]: Saving chunks for level 'first mod'/the_end
[01:31:08] [Server thread/INFO]: Stopping server
[01:31:08] [Server thread/INFO]: Saving players
[01:31:08] [Server thread/INFO]: Player652 lost connection: 连接中止
[01:31:08] [Server thread/INFO]: Player652退出了游戏
[01:31:08] [Server thread/INFO]: Stopping singleplayer server as player logged out
[01:31:08] [Server thread/INFO]: Saving worlds
[01:31:08] [Server thread/INFO]: Saving chunks for level 'first mod'/overworld
[01:31:08] [Server thread/INFO]: Saving chunks for level 'first mod'/the_nether
[01:31:08] [Server thread/INFO]: Saving chunks for level 'first mod'/the_end
[01:31:10] [main/INFO]: Stopping!
[01:31:10] [main/INFO]: SoundSystem shutting down...
[01:31:10] [main/WARN]: Author: Paul Lamb, www.paulscode.com
